TotTime: {'success': False, 'error': "('HYT00', '[HYT00] [Microsoft][ODBC Driver 17 for SQL Server]Login timeout expired (0) (SQLDriverConnect)')"} type: <class 'dict'>
TotTime: {'success': False, 'error': "('HYT00', '[HYT00] [Microsoft][ODBC Driver 17 for SQL Server]Login timeout expired (0) (SQLDriverConnect)')"} type: <class 'dict'>
TotTime: {'success': False, 'error': "('HYT00', '[HYT00] [Microsoft][ODBC Driver 17 for SQL Server]Login timeout expired (0) (SQLDriverConnect)')"} type: <class 'dict'>
[2026-02-03 11:51:35 -0500] [7297] [ERROR] Exception in ASGI application
Traceback (most recent call last):
  File "/home/vanshita.m297/.conda/envs/myenv39/lib/python3.9/site-packages/httpx/_transports/default.py", line 101, in map_httpcore_exceptions
    yield
  File "/home/vanshita.m297/.conda/envs/myenv39/lib/python3.9/site-packages/httpx/_transports/default.py", line 394, in handle_async_request
    resp = await self._pool.handle_async_request(req)
  File "/home/vanshita.m297/.conda/envs/myenv39/lib/python3.9/site-packages/httpcore/_async/connection_pool.py", line 256, in handle_async_request
    raise exc from None
  File "/home/vanshita.m297/.conda/envs/myenv39/lib/python3.9/site-packages/httpcore/_async/connection_pool.py", line 236, in handle_async_request
    response = await connection.handle_async_request(
  File "/home/vanshita.m297/.conda/envs/myenv39/lib/python3.9/site-packages/httpcore/_async/connection.py", line 101, in handle_async_request
    raise exc
  File "/home/vanshita.m297/.conda/envs/myenv39/lib/python3.9/site-packages/httpcore/_async/connection.py", line 78, in handle_async_request
    stream = await self._connect(request)
  File "/home/vanshita.m297/.conda/envs/myenv39/lib/python3.9/site-packages/httpcore/_async/connection.py", line 124, in _connect
    stream = await self._network_backend.connect_tcp(**kwargs)
  File "/home/vanshita.m297/.conda/envs/myenv39/lib/python3.9/site-packages/httpcore/_backends/auto.py", line 31, in connect_tcp
    return await self._backend.connect_tcp(
  File "/home/vanshita.m297/.conda/envs/myenv39/lib/python3.9/site-packages/httpcore/_backends/anyio.py", line 122, in connect_tcp
    stream._raw_socket.setsockopt(*option)  # type: ignore[attr-defined] # pragma: no cover
  File "/home/vanshita.m297/.conda/envs/myenv39/lib/python3.9/contextlib.py", line 137, in __exit__
    self.gen.throw(typ, value, traceback)
  File "/home/vanshita.m297/.conda/envs/myenv39/lib/python3.9/site-packages/httpcore/_exceptions.py", line 14, in map_exceptions
    raise to_exc(exc) from exc
httpcore.ConnectTimeout

The above exception was the direct cause of the following exception:

Traceback (most recent call last):
  File "/home/vanshita.m297/.conda/envs/myenv39/lib/python3.9/site-packages/uvicorn/protocols/http/h11_impl.py", line 403, in run_asgi
    result = await app(  # type: ignore[func-returns-value]
  File "/home/vanshita.m297/.conda/envs/myenv39/lib/python3.9/site-packages/uvicorn/middleware/proxy_headers.py", line 60, in __call__
    return await self.app(scope, receive, send)
  File "/home/vanshita.m297/.conda/envs/myenv39/lib/python3.9/site-packages/fastapi/applications.py", line 1134, in __call__
    await super().__call__(scope, receive, send)
  File "/home/vanshita.m297/.conda/envs/myenv39/lib/python3.9/site-packages/starlette/applications.py", line 113, in __call__
    await self.middleware_stack(scope, receive, send)
  File "/home/vanshita.m297/.conda/envs/myenv39/lib/python3.9/site-packages/starlette/middleware/errors.py", line 186, in __call__
    raise exc
  File "/home/vanshita.m297/.conda/envs/myenv39/lib/python3.9/site-packages/starlette/middleware/errors.py", line 164, in __call__
    await self.app(scope, receive, _send)
  File "/home/vanshita.m297/.conda/envs/myenv39/lib/python3.9/site-packages/starlette/middleware/exceptions.py", line 63, in __call__
    await wrap_app_handling_exceptions(self.app, conn)(scope, receive, send)
  File "/home/vanshita.m297/.conda/envs/myenv39/lib/python3.9/site-packages/starlette/_exception_handler.py", line 53, in wrapped_app
    raise exc
  File "/home/vanshita.m297/.conda/envs/myenv39/lib/python3.9/site-packages/starlette/_exception_handler.py", line 42, in wrapped_app
    await app(scope, receive, sender)
  File "/home/vanshita.m297/.conda/envs/myenv39/lib/python3.9/site-packages/fastapi/middleware/asyncexitstack.py", line 18, in __call__
    await self.app(scope, receive, send)
  File "/home/vanshita.m297/.conda/envs/myenv39/lib/python3.9/site-packages/starlette/routing.py", line 716, in __call__
    await self.middleware_stack(scope, receive, send)
  File "/home/vanshita.m297/.conda/envs/myenv39/lib/python3.9/site-packages/starlette/routing.py", line 736, in app
    await route.handle(scope, receive, send)
  File "/home/vanshita.m297/.conda/envs/myenv39/lib/python3.9/site-packages/starlette/routing.py", line 290, in handle
    await self.app(scope, receive, send)
  File "/home/vanshita.m297/.conda/envs/myenv39/lib/python3.9/site-packages/fastapi/routing.py", line 125, in app
    await wrap_app_handling_exceptions(app, request)(scope, receive, send)
  File "/home/vanshita.m297/.conda/envs/myenv39/lib/python3.9/site-packages/starlette/_exception_handler.py", line 53, in wrapped_app
    raise exc
  File "/home/vanshita.m297/.conda/envs/myenv39/lib/python3.9/site-packages/starlette/_exception_handler.py", line 42, in wrapped_app
    await app(scope, receive, sender)
  File "/home/vanshita.m297/.conda/envs/myenv39/lib/python3.9/site-packages/fastapi/routing.py", line 111, in app
    response = await f(request)
  File "/home/vanshita.m297/.conda/envs/myenv39/lib/python3.9/site-packages/fastapi/routing.py", line 391, in app
    raw_response = await run_endpoint_function(
  File "/home/vanshita.m297/.conda/envs/myenv39/lib/python3.9/site-packages/fastapi/routing.py", line 290, in run_endpoint_function
    return await dependant.call(**values)
  File "/home/vanshita.m297/Desktop/Datalution/appgateway/main.py", line 67, in gateway
    async with httpx.AsyncClient(timeout=timeout) as client: response = await client.get(full_url, params=query_params_updated, headers=headers)
  File "/home/vanshita.m297/.conda/envs/myenv39/lib/python3.9/site-packages/httpx/_client.py", line 1768, in get
    return await self.request(
  File "/home/vanshita.m297/.conda/envs/myenv39/lib/python3.9/site-packages/httpx/_client.py", line 1540, in request
    return await self.send(request, auth=auth, follow_redirects=follow_redirects)
  File "/home/vanshita.m297/.conda/envs/myenv39/lib/python3.9/site-packages/httpx/_client.py", line 1629, in send
    response = await self._send_handling_auth(
  File "/home/vanshita.m297/.conda/envs/myenv39/lib/python3.9/site-packages/httpx/_client.py", line 1657, in _send_handling_auth
    response = await self._send_handling_redirects(
  File "/home/vanshita.m297/.conda/envs/myenv39/lib/python3.9/site-packages/httpx/_client.py", line 1694, in _send_handling_redirects
    response = await self._send_single_request(request)
  File "/home/vanshita.m297/.conda/envs/myenv39/lib/python3.9/site-packages/httpx/_client.py", line 1730, in _send_single_request
    response = await transport.handle_async_request(request)
  File "/home/vanshita.m297/.conda/envs/myenv39/lib/python3.9/site-packages/httpx/_transports/default.py", line 394, in handle_async_request
    resp = await self._pool.handle_async_request(req)
  File "/home/vanshita.m297/.conda/envs/myenv39/lib/python3.9/contextlib.py", line 137, in __exit__
    self.gen.throw(typ, value, traceback)
  File "/home/vanshita.m297/.conda/envs/myenv39/lib/python3.9/site-packages/httpx/_transports/default.py", line 118, in map_httpcore_exceptions
    raise mapped_exc(message) from exc
httpx.ConnectTimeout
[2026-02-03 12:04:44 -0500] [6991] [INFO] Handling signal: winch
[2026-02-03 12:04:55 -0500] [6991] [INFO] Handling signal: winch
TotTime: {'success': False, 'error': "('HYT00', '[HYT00] [Microsoft][ODBC Driver 17 for SQL Server]Login timeout expired (0) (SQLDriverConnect)')"} type: <class 'dict'>
TotTime: {'success': False, 'error': "('HYT00', '[HYT00] [Microsoft][ODBC Driver 17 for SQL Server]Login timeout expired (0) (SQLDriverConnect)')"} type: <class 'dict'>
[2026-02-03 12:05:39 -0500] [6991] [CRITICAL] WORKER TIMEOUT (pid:6995)
[2026-02-03 12:05:39 -0500] [6991] [CRITICAL] WORKER TIMEOUT (pid:7216)
[2026-02-03 12:05:39 -0500] [6991] [ERROR] Worker (pid:7216) was sent code 134!
[2026-02-03 12:05:39 -0500] [7732] [INFO] Booting worker with pid: 7732
[2026-02-03 12:05:39 -0500] [6991] [ERROR] Worker (pid:6995) was sent SIGKILL! Perhaps out of memory?
[2026-02-03 12:05:39 -0500] [7733] [INFO] Booting worker with pid: 7733
[2026-02-03 12:05:40 -0500] [7732] [INFO] Started server process [7732]
[2026-02-03 12:05:40 -0500] [7732] [INFO] Waiting for application startup.
[2026-02-03 12:05:40 -0500] [7732] [INFO] Application startup complete.
[2026-02-03 12:05:40 -0500] [7733] [INFO] Started server process [7733]
[2026-02-03 12:05:40 -0500] [7733] [INFO] Waiting for application startup.
[2026-02-03 12:05:40 -0500] [7733] [INFO] Application startup complete.

